"../../../Engine/Content/Functions/Engine_MaterialFunctions01/Shading/PowerToRoughness.uasset" 0
"../../../Engine/Content/Functions/Engine_MaterialFunctions01/Shading/PowerToRoughness.uexp" 1
"../../../Engine/Content/Functions/Engine_MaterialFunctions01/Shading/ConvertFromDiffSpec.uasset" 2
"../../../Engine/Content/Functions/Engine_MaterialFunctions01/Shading/ConvertFromDiffSpec.uexp" 3
"../../../Engine/Content/EngineSounds/Master.uasset" 4
"../../../Engine/Content/EngineSounds/Master.uexp" 5
"../../../Engine/Content/EngineSky/VolumetricClouds/CloudWeatherTexture.uasset" 6
"../../../Engine/Content/EngineSky/VolumetricClouds/CloudWeatherTexture.uexp" 7
"../../../Engine/Content/Functions/Engine_MaterialFunctions02/Utility/MakeFloat2.uasset" 8
"../../../Engine/Content/Functions/Engine_MaterialFunctions02/Utility/MakeFloat2.uexp" 9
"../../../Engine/Content/EngineSky/VolumetricClouds/CloudGradientTexture.uasset" 10
"../../../Engine/Content/EngineSky/VolumetricClouds/CloudGradientTexture.uexp" 11
"../../../Engine/Content/EngineSky/VolumetricClouds/T_NoiseShape64.ubulk" 12
"../../../Engine/Content/EngineSky/VolumetricClouds/T_NoiseShape64.uasset" 13
"../../../Engine/Content/EngineSky/VolumetricClouds/T_NoiseShape64.uexp" 14
"../../../Engine/Content/EngineSky/VolumetricClouds/T_VolumeNoiseShape64.uasset" 15
"../../../Engine/Content/EngineSky/VolumetricClouds/T_VolumeNoiseShape64.uexp" 16
"../../../Engine/Content/EngineSky/VolumetricClouds/T_NoiseErosion.ubulk" 17
"../../../Engine/Content/EngineSky/VolumetricClouds/T_NoiseErosion.uasset" 18
"../../../Engine/Content/EngineSky/VolumetricClouds/T_NoiseErosion.uexp" 19
"../../../Engine/Content/EngineSky/VolumetricClouds/T_VolumeNoiseErosion32.uasset" 20
"../../../Engine/Content/EngineSky/VolumetricClouds/T_VolumeNoiseErosion32.uexp" 21
"../../../Engine/Content/EngineSky/VolumetricClouds/m_SimpleVolumetricCloud.uasset" 22
"../../../Engine/Content/EngineSky/VolumetricClouds/m_SimpleVolumetricCloud.uexp" 23
"../../../Engine/Content/EngineSky/VolumetricClouds/m_SimpleVolumetricCloud_Inst.uasset" 24
"../../../Engine/Content/EngineSky/VolumetricClouds/m_SimpleVolumetricCloud_Inst.uexp" 25
"../../../Engine/Content/EngineResources/GradientTexture0.uasset" 26
"../../../Engine/Content/EngineResources/GradientTexture0.uexp" 27
"../../../Engine/Content/EngineResources/DefaultVolumeTexture2D.uasset" 28
"../../../Engine/Content/EngineResources/DefaultVolumeTexture2D.uexp" 29
"../../../Engine/Content/EngineResources/DefaultVolumeTexture.uasset" 30
"../../../Engine/Content/EngineResources/DefaultVolumeTexture.uexp" 31
"../../../Engine/Content/EngineResources/DefaultTextureCube.uasset" 32
"../../../Engine/Content/EngineResources/DefaultTextureCube.uexp" 33
"../../../Engine/Content/EngineResources/DefaultTexture.ubulk" 34
"../../../Engine/Content/EngineResources/DefaultTexture.uasset" 35
"../../../Engine/Content/EngineResources/DefaultTexture.uexp" 36
"../../../Engine/Content/EngineResources/Black.uasset" 37
"../../../Engine/Content/EngineResources/Black.uexp" 38
"../../../Engine/Content/EngineResources/FilmGrains/Marcie_Grain_v3_128_M2_000.uasset" 39
"../../../Engine/Content/EngineResources/FilmGrains/Marcie_Grain_v3_128_M2_000.uexp" 40
"../../../Engine/Content/EngineMeshes/Sphere.ubulk" 41
"../../../Engine/Content/EngineMeshes/Sphere.uasset" 42
"../../../Engine/Content/EngineMeshes/Sphere.uexp" 43
"../../../Engine/Content/EngineResources/WhiteSquareTexture.uasset" 44
"../../../Engine/Content/EngineResources/WhiteSquareTexture.uexp" 45
"../../../Engine/Content/EngineMaterials/Widget3DPassThrough.uasset" 46
"../../../Engine/Content/EngineMaterials/Widget3DPassThrough.uexp" 47
"../../../Engine/Content/EngineMaterials/Widget3DPassThrough_Translucent.uasset" 48
"../../../Engine/Content/EngineMaterials/Widget3DPassThrough_Translucent.uexp" 49
"../../../Engine/Content/EngineMaterials/Widget3DPassThrough_Translucent_OneSided.uasset" 50
"../../../Engine/Content/EngineMaterials/Widget3DPassThrough_Translucent_OneSided.uexp" 51
"../../../Engine/Content/EngineMaterials/Widget3DPassThrough_Opaque.uasset" 52
"../../../Engine/Content/EngineMaterials/Widget3DPassThrough_Opaque.uexp" 53
"../../../Engine/Content/EngineMaterials/Widget3DPassThrough_Opaque_OneSided.uasset" 54
"../../../Engine/Content/EngineMaterials/Widget3DPassThrough_Opaque_OneSided.uexp" 55
"../../../Engine/Content/EngineMaterials/Widget3DPassThrough_Masked_OneSided.uasset" 56
"../../../Engine/Content/EngineMaterials/Widget3DPassThrough_Masked_OneSided.uexp" 57
"../../../Engine/Content/EngineMaterials/Widget3DPassThrough_Masked.uasset" 58
"../../../Engine/Content/EngineMaterials/Widget3DPassThrough_Masked.uexp" 59
"../../../Engine/Content/EngineMaterials/WeightMapPlaceholderTexture.uasset" 60
"../../../Engine/Content/EngineMaterials/WeightMapPlaceholderTexture.uexp" 61
"../../../Engine/Content/EngineMaterials/RemoveSurfaceMaterial.uasset" 62
"../../../Engine/Content/EngineMaterials/RemoveSurfaceMaterial.uexp" 63
"../../../Engine/Content/EngineMaterials/PreintegratedSkinBRDF.uasset" 64
"../../../Engine/Content/EngineMaterials/PreintegratedSkinBRDF.uexp" 65
"../../../Engine/Content/EngineMaterials/DefaultCalibrationGrayscale.uasset" 66
"../../../Engine/Content/EngineMaterials/DefaultCalibrationGrayscale.uexp" 67
"../../../Engine/Content/EngineMaterials/PPM_DefaultCalibrationGrayscale.uasset" 68
"../../../Engine/Content/EngineMaterials/PPM_DefaultCalibrationGrayscale.uexp" 69
"../../../Engine/Content/EngineMaterials/DefaultCalibrationColor.uasset" 70
"../../../Engine/Content/EngineMaterials/DefaultCalibrationColor.uexp" 71
"../../../Engine/Content/EngineMaterials/PPM_DefaultCalibrationColor.uasset" 72
"../../../Engine/Content/EngineMaterials/PPM_DefaultCalibrationColor.uexp" 73
"../../../Engine/Content/Functions/Engine_MaterialFunctions02/WorldPositionOffset/CameraOffset.uasset" 74
"../../../Engine/Content/Functions/Engine_MaterialFunctions02/WorldPositionOffset/CameraOffset.uexp" 75
"../../../Engine/Content/EngineMaterials/PhAT_JointLimitMaterial.uasset" 76
"../../../Engine/Content/EngineMaterials/PhAT_JointLimitMaterial.uexp" 77
"../../../Engine/Content/EngineMaterials/InvalidLightmapSettings.ubulk" 78
"../../../Engine/Content/EngineMaterials/InvalidLightmapSettings.uasset" 79
"../../../Engine/Content/EngineMaterials/InvalidLightmapSettings.uexp" 80
"../../../Engine/Content/EngineMaterials/M_InvalidLightmapSettings.uasset" 81
"../../../Engine/Content/EngineMaterials/M_InvalidLightmapSettings.uexp" 82
"../../../Engine/Content/EngineMaterials/MiniFont.uasset" 83
"../../../Engine/Content/EngineMaterials/MiniFont.uexp" 84
"../../../Engine/Content/EngineMaterials/Good64x64TilingNoiseHighFreq.uasset" 85
"../../../Engine/Content/EngineMaterials/Good64x64TilingNoiseHighFreq.uexp" 86
"../../../Engine/Content/EngineMaterials/GizmoMaterial.uasset" 87
"../../../Engine/Content/EngineMaterials/GizmoMaterial.uexp" 88
"../../../Engine/Content/EngineMaterials/BaseFlattenEmissiveMap_VT.uasset" 89
"../../../Engine/Content/EngineMaterials/BaseFlattenEmissiveMap_VT.uexp" 90
"../../../Engine/Content/EngineMaterials/BaseFlattenGrayscaleMap_VT.uasset" 91
"../../../Engine/Content/EngineMaterials/BaseFlattenGrayscaleMap_VT.uexp" 92
"../../../Engine/Content/EngineMaterials/BaseFlattenLinearColor_VT.uasset" 93
"../../../Engine/Content/EngineMaterials/BaseFlattenLinearColor_VT.uexp" 94
"../../../Engine/Content/EngineMaterials/Black_1x1_EXR_Texture_VT.uasset" 95
"../../../Engine/Content/EngineMaterials/Black_1x1_EXR_Texture_VT.uexp" 96
"../../../Engine/Content/EngineMaterials/BaseFlattenDiffuseMap_VT.uasset" 97
"../../../Engine/Content/EngineMaterials/BaseFlattenDiffuseMap_VT.uexp" 98
"../../../Engine/Content/EngineMaterials/BaseFlattenNormalMap_VT.uasset" 99
"../../../Engine/Content/EngineMaterials/BaseFlattenNormalMap_VT.uexp" 100
"../../../Engine/Content/EngineMaterials/FlattenMaterial_WS_Normal_VT.uasset" 101
"../../../Engine/Content/EngineMaterials/FlattenMaterial_WS_Normal_VT.uexp" 102
"../../../Engine/Content/EngineMaterials/FlattenMaterial_VT.uasset" 103
"../../../Engine/Content/EngineMaterials/FlattenMaterial_VT.uexp" 104
"../../../Engine/Content/EngineMaterials/BaseFlattenNormalMap.uasset" 105
"../../../Engine/Content/EngineMaterials/BaseFlattenNormalMap.uexp" 106
"../../../Engine/Content/EngineMaterials/BaseFlattenGrayscaleMap.uasset" 107
"../../../Engine/Content/EngineMaterials/BaseFlattenGrayscaleMap.uexp" 108
"../../../Engine/Content/EngineMaterials/BaseFlattenDiffuseMap.uasset" 109
"../../../Engine/Content/EngineMaterials/BaseFlattenDiffuseMap.uexp" 110
"../../../Engine/Content/Functions/Engine_MaterialFunctions02/PivotPainter2/Black_1x1_EXR_Texture.uasset" 111
"../../../Engine/Content/Functions/Engine_MaterialFunctions02/PivotPainter2/Black_1x1_EXR_Texture.uexp" 112
"../../../Engine/Content/EngineMaterials/BaseFlattenEmissiveMap.uasset" 113
"../../../Engine/Content/EngineMaterials/BaseFlattenEmissiveMap.uexp" 114
"../../../Engine/Content/EngineMaterials/BaseFlattenLinearColor.uasset" 115
"../../../Engine/Content/EngineMaterials/BaseFlattenLinearColor.uexp" 116
"../../../Engine/Content/EngineMaterials/FlattenMaterial.uasset" 117
"../../../Engine/Content/EngineMaterials/FlattenMaterial.uexp" 118
"../../../Engine/Content/EngineMaterials/DefaultWhiteGrid_Low.uasset" 119
"../../../Engine/Content/EngineMaterials/DefaultWhiteGrid_Low.uexp" 120
"../../../Engine/Content/EngineMaterials/EmissiveMeshMaterial.uasset" 121
"../../../Engine/Content/EngineMaterials/EmissiveMeshMaterial.uexp" 122
"../../../Engine/Content/EngineMaterials/DefaultWhiteGrid.ubulk" 123
"../../../Engine/Content/EngineMaterials/DefaultWhiteGrid.uasset" 124
"../../../Engine/Content/EngineMaterials/DefaultWhiteGrid.uexp" 125
"../../../Engine/Content/EngineFonts/RobotoDistanceField.uasset" 126
"../../../Engine/Content/EngineFonts/RobotoDistanceField.uexp" 127
"../../../Engine/Content/EngineMaterials/DefaultTextMaterialOpaque.uasset" 128
"../../../Engine/Content/EngineMaterials/DefaultTextMaterialOpaque.uexp" 129
"../../../Engine/Content/EngineMaterials/DefaultDiffuse.ubulk" 130
"../../../Engine/Content/EngineMaterials/DefaultDiffuse.uasset" 131
"../../../Engine/Content/EngineMaterials/DefaultDiffuse.uexp" 132
"../../../Engine/Content/Functions/Engine_MaterialFunctions02/Utility/BreakOutFloat2Components.uasset" 133
"../../../Engine/Content/Functions/Engine_MaterialFunctions02/Utility/BreakOutFloat2Components.uexp" 134
"../../../Engine/Content/EngineMaterials/DefaultPostProcessMaterial.uasset" 135
"../../../Engine/Content/EngineMaterials/DefaultPostProcessMaterial.uexp" 136
"../../../Engine/Content/EngineMaterials/DefaultPhysicalMaterial.uasset" 137
"../../../Engine/Content/EngineMaterials/DefaultPhysicalMaterial.uexp" 138
"../../../Engine/Content/EngineMaterials/DefaultLightFunctionMaterial.uasset" 139
"../../../Engine/Content/EngineMaterials/DefaultLightFunctionMaterial.uexp" 140
"../../../Engine/Content/EngineMaterials/DefaultDestructiblePhysicalMaterial.uasset" 141
"../../../Engine/Content/EngineMaterials/DefaultDestructiblePhysicalMaterial.uexp" 142
"../../../Engine/Content/EngineMaterials/DefaultDeferredDecalMaterial.uasset" 143
"../../../Engine/Content/EngineMaterials/DefaultDeferredDecalMaterial.uexp" 144
"../../../Engine/Content/EngineMaterials/DefaultBokeh.uasset" 145
"../../../Engine/Content/EngineMaterials/DefaultBokeh.uexp" 146
"../../../Engine/Content/EngineMaterials/DefaultBloomKernel.uasset" 147
"../../../Engine/Content/EngineMaterials/DefaultBloomKernel.uexp" 148
"../../../Engine/Content/EngineMaterials/BlueNoise.uasset" 149
"../../../Engine/Content/EngineMaterials/BlueNoise.uexp" 150
"../../../Engine/Content/EngineFonts/Faces/RobotoLight.uexp" 151
"../../../Engine/Content/EngineFonts/Faces/RobotoLight.uasset" 152
"../../../Engine/Content/EngineFonts/Faces/RobotoLight.ufont" 153
"../../../Engine/Content/EngineFonts/Faces/RobotoBold.uexp" 154
"../../../Engine/Content/EngineFonts/Faces/RobotoBold.uasset" 155
"../../../Engine/Content/EngineFonts/Faces/RobotoBold.ufont" 156
"../../../Engine/Content/EngineFonts/Faces/RobotoRegular.uexp" 157
"../../../Engine/Content/EngineFonts/Faces/RobotoRegular.uasset" 158
"../../../Engine/Content/EngineFonts/Faces/RobotoRegular.ufont" 159
"../../../Engine/Content/EngineFonts/Faces/DroidSansFallback.uexp" 160
"../../../Engine/Content/EngineFonts/Faces/DroidSansFallback.uasset" 161
"../../../Engine/Content/EngineFonts/Faces/DroidSansFallback.ufont" 162
"../../../Engine/Content/EngineFonts/Faces/RobotoItalic.uexp" 163
"../../../Engine/Content/EngineFonts/Faces/RobotoItalic.uasset" 164
"../../../Engine/Content/EngineFonts/Faces/RobotoItalic.ufont" 165
"../../../Engine/Content/EngineFonts/Faces/RobotoBoldItalic.uexp" 166
"../../../Engine/Content/EngineFonts/Faces/RobotoBoldItalic.uasset" 167
"../../../Engine/Content/EngineFonts/Faces/RobotoBoldItalic.ufont" 168
"../../../Engine/Content/EngineFonts/Roboto.uasset" 169
"../../../Engine/Content/EngineFonts/Roboto.uexp" 170
"../../../Engine/Content/Functions/Engine_MaterialFunctions02/Utility/CameraDirectionVector.uasset" 171
"../../../Engine/Content/Functions/Engine_MaterialFunctions02/Utility/CameraDirectionVector.uexp" 172
"../../../Engine/Content/EngineDebugMaterials/VolumeToRender.uasset" 173
"../../../Engine/Content/EngineDebugMaterials/VolumeToRender.uexp" 174
"../../../Engine/Content/EngineDebugMaterials/M_VolumeRenderSphereTracePP.uasset" 175
"../../../Engine/Content/EngineDebugMaterials/M_VolumeRenderSphereTracePP.uexp" 176
"../../../Engine/Content/EngineDebugMaterials/M_SimpleUnlitTranslucent.uasset" 177
"../../../Engine/Content/EngineDebugMaterials/M_SimpleUnlitTranslucent.uexp" 178
"../../../Engine/Content/EngineDebugMaterials/DebugMeshMaterial.uasset" 179
"../../../Engine/Content/EngineDebugMaterials/DebugMeshMaterial.uexp" 180
"../../../Engine/Content/EngineDebugMaterials/DebugEditorMaterial.uasset" 181
"../../../Engine/Content/EngineDebugMaterials/DebugEditorMaterial.uexp" 182
"../../../Engine/Content/EngineDamageTypes/DmgTypeBP_Environmental.uasset" 183
"../../../Engine/Content/EngineDamageTypes/DmgTypeBP_Environmental.uexp" 184
"../../../Engine/Content/EditorResources/S_TriggerSphere.uasset" 185
"../../../Engine/Content/EditorResources/S_TriggerSphere.uexp" 186
"../../../Engine/Content/EditorResources/S_TriggerCapsule.uasset" 187
"../../../Engine/Content/EditorResources/S_TriggerCapsule.uexp" 188
"../../../Engine/Content/EditorResources/S_TriggerBox.uasset" 189
"../../../Engine/Content/EditorResources/S_TriggerBox.uexp" 190
"../../../Engine/Content/EditorResources/S_Trigger.ubulk" 191
"../../../Engine/Content/EditorResources/S_Trigger.uasset" 192
"../../../Engine/Content/EditorResources/S_Trigger.uexp" 193
"../../../Engine/Content/EditorResources/S_Terrain.ubulk" 194
"../../../Engine/Content/EditorResources/S_Terrain.uasset" 195
"../../../Engine/Content/EditorResources/S_Terrain.uexp" 196
"../../../Engine/Content/EditorResources/S_Solver.ubulk" 197
"../../../Engine/Content/EditorResources/S_Solver.uasset" 198
"../../../Engine/Content/EditorResources/S_Solver.uexp" 199
"../../../Engine/Content/EditorResources/S_BoxReflectionCapture.uasset" 200
"../../../Engine/Content/EditorResources/S_BoxReflectionCapture.uexp" 201
"../../../Engine/Content/EditorResources/S_Actor.ubulk" 202
"../../../Engine/Content/EditorResources/S_Actor.uasset" 203
"../../../Engine/Content/EditorResources/S_Actor.uexp" 204
"../../../Engine/Content/EditorResources/EmptyActor.uasset" 205
"../../../Engine/Content/EditorResources/EmptyActor.uexp" 206
"../../../Engine/Content/EditorResources/BSPVertex.uasset" 207
"../../../Engine/Content/EditorResources/BSPVertex.uexp" 208
"../../../Engine/Content/EditorResources/SequenceRecorder/RecordingIndicator.uasset" 209
"../../../Engine/Content/EditorResources/SequenceRecorder/RecordingIndicator.uexp" 210
"../../../Engine/Content/EditorResources/SequenceRecorder/Countdown.uasset" 211
"../../../Engine/Content/EditorResources/SequenceRecorder/Countdown.uexp" 212
"../../../Engine/Content/EditorMaterials/Camera/CineMat.uasset" 213
"../../../Engine/Content/EditorMaterials/Camera/CineMat.uexp" 214
"../../../Engine/Content/EditorMaterials/Camera/MI_CineMat_Rig.uasset" 215
"../../../Engine/Content/EditorMaterials/Camera/MI_CineMat_Rig.uexp" 216
"../../../Engine/Content/EditorMeshes/Camera/SM_RailRig_Track.ubulk" 217
"../../../Engine/Content/EditorMeshes/Camera/SM_RailRig_Track.uasset" 218
"../../../Engine/Content/EditorMeshes/Camera/SM_RailRig_Track.uexp" 219
"../../../Engine/Content/EditorMeshes/Camera/SM_RailRig_Mount.ubulk" 220
"../../../Engine/Content/EditorMeshes/Camera/SM_RailRig_Mount.uasset" 221
"../../../Engine/Content/EditorMeshes/Camera/SM_RailRig_Mount.uexp" 222
"../../../Engine/Content/EditorMeshes/Camera/SM_CraneRig_Mount.ubulk" 223
"../../../Engine/Content/EditorMeshes/Camera/SM_CraneRig_Mount.uasset" 224
"../../../Engine/Content/EditorMeshes/Camera/SM_CraneRig_Mount.uexp" 225
"../../../Engine/Content/EditorMeshes/Camera/SM_CraneRig_Body.ubulk" 226
"../../../Engine/Content/EditorMeshes/Camera/SM_CraneRig_Body.uasset" 227
"../../../Engine/Content/EditorMeshes/Camera/SM_CraneRig_Body.uexp" 228
"../../../Engine/Content/EditorMeshes/Camera/SM_CraneRig_Base.ubulk" 229
"../../../Engine/Content/EditorMeshes/Camera/SM_CraneRig_Base.uasset" 230
"../../../Engine/Content/EditorMeshes/Camera/SM_CraneRig_Base.uexp" 231
"../../../Engine/Content/EditorMeshes/Camera/SM_CraneRig_Arm.ubulk" 232
"../../../Engine/Content/EditorMeshes/Camera/SM_CraneRig_Arm.uasset" 233
"../../../Engine/Content/EditorMeshes/Camera/SM_CraneRig_Arm.uexp" 234
"../../../Engine/Content/EditorMaterials/PreviewShadowIndicator.ubulk" 235
"../../../Engine/Content/EditorMaterials/PreviewShadowIndicator.uasset" 236
"../../../Engine/Content/EditorMaterials/PreviewShadowIndicator.uexp" 237
"../../../Engine/Content/EditorMaterials/PreviewShadowIndicatorMaterial.uasset" 238
"../../../Engine/Content/EditorMaterials/PreviewShadowIndicatorMaterial.uexp" 239
"../../../Engine/Content/EditorMaterials/MAT_Groups_Visibility.uasset" 240
"../../../Engine/Content/EditorMaterials/MAT_Groups_Visibility.uexp" 241
"../../../Engine/Content/EditorMaterials/MAT_Groups_Toggle.uasset" 242
"../../../Engine/Content/EditorMaterials/MAT_Groups_Toggle.uexp" 243
"../../../Engine/Content/Functions/Engine_MaterialFunctions02/Utility/MakeFloat4.uasset" 244
"../../../Engine/Content/Functions/Engine_MaterialFunctions02/Utility/MakeFloat4.uexp" 245
"../../../Engine/Content/Functions/Engine_MaterialFunctions02/Utility/MakeFloat3.uasset" 246
"../../../Engine/Content/Functions/Engine_MaterialFunctions02/Utility/MakeFloat3.uexp" 247
"../../../Engine/Content/Functions/Engine_MaterialFunctions02/Utility/BreakOutFloat3Components.uasset" 248
"../../../Engine/Content/Functions/Engine_MaterialFunctions02/Utility/BreakOutFloat3Components.uexp" 249
"../../../Engine/Content/EditorMaterials/WorldPartition/WorldPartitionSpatialHashGridPreviewMaterial.uasset" 250
"../../../Engine/Content/EditorMaterials/WorldPartition/WorldPartitionSpatialHashGridPreviewMaterial.uexp" 251
"../../../Engine/Content/EditorMaterials/ParticleSystems/PSysThumbnail_OOD.ubulk" 252
"../../../Engine/Content/EditorMaterials/ParticleSystems/PSysThumbnail_OOD.uasset" 253
"../../../Engine/Content/EditorMaterials/ParticleSystems/PSysThumbnail_OOD.uexp" 254
"../../../Engine/Content/EditorMaterials/ParticleSystems/PSysThumbnail_NoImage.ubulk" 255
"../../../Engine/Content/EditorMaterials/ParticleSystems/PSysThumbnail_NoImage.uasset" 256
"../../../Engine/Content/EditorMaterials/ParticleSystems/PSysThumbnail_NoImage.uexp" 257
"../../../Engine/Content/EditorMaterials/MatineeGroups/MAT_Groups_Vector.uasset" 258
"../../../Engine/Content/EditorMaterials/MatineeGroups/MAT_Groups_Vector.uexp" 259
"../../../Engine/Content/EditorMaterials/MatineeGroups/MAT_Groups_Sound.uasset" 260
"../../../Engine/Content/EditorMaterials/MatineeGroups/MAT_Groups_Sound.uexp" 261
"../../../Engine/Content/EditorMaterials/MatineeGroups/MAT_Groups_Slomo.uasset" 262
"../../../Engine/Content/EditorMaterials/MatineeGroups/MAT_Groups_Slomo.uexp" 263
"../../../Engine/Content/EditorMaterials/MatineeGroups/MAT_Groups_Move.uasset" 264
"../../../Engine/Content/EditorMaterials/MatineeGroups/MAT_Groups_Move.uexp" 265
"../../../Engine/Content/EditorMaterials/MatineeGroups/MAT_Groups_Float.uasset" 266
"../../../Engine/Content/EditorMaterials/MatineeGroups/MAT_Groups_Float.uexp" 267
"../../../Engine/Content/EditorMaterials/MatineeGroups/MAT_Groups_Fade.uasset" 268
"../../../Engine/Content/EditorMaterials/MatineeGroups/MAT_Groups_Fade.uexp" 269
"../../../Engine/Content/EditorMaterials/MatineeGroups/MAT_Groups_Event.uasset" 270
"../../../Engine/Content/EditorMaterials/MatineeGroups/MAT_Groups_Event.uexp" 271
"../../../Engine/Content/EditorMaterials/MatineeGroups/MAT_Groups_Director.uasset" 272
"../../../Engine/Content/EditorMaterials/MatineeGroups/MAT_Groups_Director.uexp" 273
"../../../Engine/Content/EditorMaterials/MatineeGroups/MAT_Groups_AudioMaster.uasset" 274
"../../../Engine/Content/EditorMaterials/MatineeGroups/MAT_Groups_AudioMaster.uexp" 275
"../../../Engine/Content/EditorMaterials/MatineeGroups/MAT_Groups_Anim.uasset" 276
"../../../Engine/Content/EditorMaterials/MatineeGroups/MAT_Groups_Anim.uexp" 277
"../../../Engine/Content/EditorMaterials/MatineeGroups/MAT_ColorTrack.uasset" 278
"../../../Engine/Content/EditorMaterials/MatineeGroups/MAT_ColorTrack.uexp" 279
"../../../Engine/Content/EditorLandscapeResources/DefaultAlphaTexture.uasset" 280
"../../../Engine/Content/EditorLandscapeResources/DefaultAlphaTexture.uexp" 281
"../../../Engine/Content/EditorLandscapeResources/DataLayer.uasset" 282
"../../../Engine/Content/EditorLandscapeResources/DataLayer.uexp" 283
"../../../Engine/Content/EngineMaterials/T_Default_Material_Grid_M.ubulk" 284
"../../../Engine/Content/EngineMaterials/T_Default_Material_Grid_M.uasset" 285
"../../../Engine/Content/EngineMaterials/T_Default_Material_Grid_M.uexp" 286
"../../../Engine/Content/EngineMaterials/T_Default_Material_Grid_N.ubulk" 287
"../../../Engine/Content/EngineMaterials/T_Default_Material_Grid_N.uasset" 288
"../../../Engine/Content/EngineMaterials/T_Default_Material_Grid_N.uexp" 289
"../../../Engine/Content/Functions/Engine_MaterialFunctions01/Opacity/CameraDepthFade.uasset" 290
"../../../Engine/Content/Functions/Engine_MaterialFunctions01/Opacity/CameraDepthFade.uexp" 291
"../../../Engine/Content/EngineMaterials/DefaultMaterial.uasset" 292
"../../../Engine/Content/EngineMaterials/DefaultMaterial.uexp" 293
"../../../Engine/Content/BasicShapes/Sphere.ubulk" 294
"../../../Engine/Content/BasicShapes/Sphere.uasset" 295
"../../../Engine/Content/BasicShapes/Sphere.uexp" 296
"../../../Engine/Content/EngineMaterials/WorldGridMaterial.uasset" 297
"../../../Engine/Content/EngineMaterials/WorldGridMaterial.uexp" 298
"../../../Engine/Content/BasicShapes/Plane.ubulk" 299
"../../../Engine/Content/BasicShapes/Plane.uasset" 300
"../../../Engine/Content/BasicShapes/Plane.uexp" 301
"../../../Engine/Content/BasicShapes/Cylinder.ubulk" 302
"../../../Engine/Content/BasicShapes/Cylinder.uasset" 303
"../../../Engine/Content/BasicShapes/Cylinder.uexp" 304
"../../../Engine/Content/BasicShapes/Cone.ubulk" 305
"../../../Engine/Content/BasicShapes/Cone.uasset" 306
"../../../Engine/Content/BasicShapes/Cone.uexp" 307
"../../../Engine/Content/ArtTools/RenderToTexture/Meshes/S_1_Unit_Plane.ubulk" 308
"../../../Engine/Content/ArtTools/RenderToTexture/Meshes/S_1_Unit_Plane.uasset" 309
"../../../Engine/Content/ArtTools/RenderToTexture/Meshes/S_1_Unit_Plane.uexp" 310
"../../../Engine/Content/MobileResources/HUD/VirtualJoystick_Background.uasset" 311
"../../../Engine/Content/MobileResources/HUD/VirtualJoystick_Background.uexp" 312
"../../../Engine/Content/MobileResources/HUD/VirtualJoystick_Thumb.uasset" 313
"../../../Engine/Content/MobileResources/HUD/VirtualJoystick_Thumb.uexp" 314
"../../../Engine/Content/MobileResources/HUD/DefaultVirtualJoysticks.uasset" 315
"../../../Engine/Content/MobileResources/HUD/DefaultVirtualJoysticks.uexp" 316
"../../../Engine/Content/Tutorial/ContentIntroCurve.uasset" 317
"../../../Engine/Content/Tutorial/ContentIntroCurve.uexp" 318
"../../../Engine/Content/VREditor/TransformGizmo/Main.uasset" 319
"../../../Engine/Content/VREditor/TransformGizmo/Main.uexp" 320
"../../../Engine/Content/VREditor/TransformGizmo/Xray.uasset" 321
"../../../Engine/Content/VREditor/TransformGizmo/Xray.uexp" 322
"../../../Engine/Content/VREditor/TransformGizmo/SM_Sequencer_Node.ubulk" 323
"../../../Engine/Content/VREditor/TransformGizmo/SM_Sequencer_Node.uasset" 324
"../../../Engine/Content/VREditor/TransformGizmo/SM_Sequencer_Node.uexp" 325
"../../../Engine/Content/VREditor/LaserPointer/VR_LaserPower_01.ubulk" 326
"../../../Engine/Content/VREditor/LaserPointer/VR_LaserPower_01.uasset" 327
"../../../Engine/Content/VREditor/LaserPointer/VR_LaserPower_01.uexp" 328
"../../../Engine/Content/VREditor/TransformGizmo/TransformGizmoMaterial.uasset" 329
"../../../Engine/Content/VREditor/TransformGizmo/TransformGizmoMaterial.uexp" 330
"../../../Engine/Content/VREditor/TransformGizmo/TranslucentTransformGizmoMaterial.uasset" 331
"../../../Engine/Content/VREditor/TransformGizmo/TranslucentTransformGizmoMaterial.uexp" 332
"../../../Engine/Content/VREditor/TransformGizmo/PlaneTranslationHandle.ubulk" 333
"../../../Engine/Content/VREditor/TransformGizmo/PlaneTranslationHandle.uasset" 334
"../../../Engine/Content/VREditor/TransformGizmo/PlaneTranslationHandle.uexp" 335
"../../../Engine/Content/VREditor/TransformGizmo/BoundingBoxEdge.ubulk" 336
"../../../Engine/Content/VREditor/TransformGizmo/BoundingBoxEdge.uasset" 337
"../../../Engine/Content/VREditor/TransformGizmo/BoundingBoxEdge.uexp" 338
"../../../Engine/Content/VREditor/TransformGizmo/BoundingBoxCorner.ubulk" 339
"../../../Engine/Content/VREditor/TransformGizmo/BoundingBoxCorner.uasset" 340
"../../../Engine/Content/VREditor/TransformGizmo/BoundingBoxCorner.uexp" 341
"../../../Engine/Plugins/2D/Paper2D/Content/PlaceholderTextures/DummySpriteTexture.ubulk" 342
"../../../Engine/Plugins/2D/Paper2D/Content/PlaceholderTextures/DummySpriteTexture.uasset" 343
"../../../Engine/Plugins/2D/Paper2D/Content/PlaceholderTextures/DummySpriteTexture.uexp" 344
"../../../Engine/Plugins/2D/Paper2D/Content/DefaultSpriteMaterial.uasset" 345
"../../../Engine/Plugins/2D/Paper2D/Content/DefaultSpriteMaterial.uexp" 346
"../../../Engine/Plugins/2D/Paper2D/Content/OpaqueUnlitSpriteMaterial.uasset" 347
"../../../Engine/Plugins/2D/Paper2D/Content/OpaqueUnlitSpriteMaterial.uexp" 348
"../../../Engine/Plugins/2D/Paper2D/Content/MaskedUnlitSpriteMaterial.uasset" 349
"../../../Engine/Plugins/2D/Paper2D/Content/MaskedUnlitSpriteMaterial.uexp" 350
"../../../Engine/Plugins/2D/Paper2D/Content/DummySprite.uasset" 351
"../../../Engine/Plugins/2D/Paper2D/Content/DummySprite.uexp" 352
"../../../Engine/Plugins/2D/Paper2D/Content/DefaultPaperTerrainMaterial.uasset" 353
"../../../Engine/Plugins/2D/Paper2D/Content/DefaultPaperTerrainMaterial.uexp" 354
"../../../Engine/Plugins/Animation/ControlRig/Content/M_Manip.uasset" 355
"../../../Engine/Plugins/Animation/ControlRig/Content/M_Manip.uexp" 356
"../../../Engine/Plugins/Animation/ControlRig/Content/Controls/DefaultGizmoLibraryNormalized.uasset" 357
"../../../Engine/Plugins/Animation/ControlRig/Content/Controls/DefaultGizmoLibraryNormalized.uexp" 358
"../../../Engine/Plugins/Animation/ControlRig/Content/Controls/ControlRig_Wedge_solid.ubulk" 359
"../../../Engine/Plugins/Animation/ControlRig/Content/Controls/ControlRig_Wedge_solid.uasset" 360
"../../../Engine/Plugins/Animation/ControlRig/Content/Controls/ControlRig_Wedge_solid.uexp" 361
"../../../Engine/Plugins/Animation/ControlRig/Content/Controls/ControlRig_Wedge_3mm.ubulk" 362
"../../../Engine/Plugins/Animation/ControlRig/Content/Controls/ControlRig_Wedge_3mm.uasset" 363
"../../../Engine/Plugins/Animation/ControlRig/Content/Controls/ControlRig_Wedge_3mm.uexp" 364
"../../../Engine/Plugins/Animation/ControlRig/Content/Controls/ControlRig_Wedge_1mm.ubulk" 365
"../../../Engine/Plugins/Animation/ControlRig/Content/Controls/ControlRig_Wedge_1mm.uasset" 366
"../../../Engine/Plugins/Animation/ControlRig/Content/Controls/ControlRig_Wedge_1mm.uexp" 367
"../../../Engine/Plugins/Animation/ControlRig/Content/Controls/ControlRig_Triangle_solid.ubulk" 368
"../../../Engine/Plugins/Animation/ControlRig/Content/Controls/ControlRig_Triangle_solid.uasset" 369
"../../../Engine/Plugins/Animation/ControlRig/Content/Controls/ControlRig_Triangle_solid.uexp" 370
"../../../Engine/Plugins/Animation/ControlRig/Content/Controls/ControlRig_Triangle_3mm.ubulk" 371
"../../../Engine/Plugins/Animation/ControlRig/Content/Controls/ControlRig_Triangle_3mm.uasset" 372
"../../../Engine/Plugins/Animation/ControlRig/Content/Controls/ControlRig_Triangle_3mm.uexp" 373
"../../../Engine/Plugins/Animation/ControlRig/Content/Controls/ControlRig_Triangle_1mm.ubulk" 374
"../../../Engine/Plugins/Animation/ControlRig/Content/Controls/ControlRig_Triangle_1mm.uasset" 375
"../../../Engine/Plugins/Animation/ControlRig/Content/Controls/ControlRig_Triangle_1mm.uexp" 376
"../../../Engine/Plugins/Animation/ControlRig/Content/Controls/ControlRig_Star4_solid.ubulk" 377
"../../../Engine/Plugins/Animation/ControlRig/Content/Controls/ControlRig_Star4_solid.uasset" 378
"../../../Engine/Plugins/Animation/ControlRig/Content/Controls/ControlRig_Star4_solid.uexp" 379
"../../../Engine/Plugins/Animation/ControlRig/Content/Controls/ControlRig_Star4_3mm.ubulk" 380
"../../../Engine/Plugins/Animation/ControlRig/Content/Controls/ControlRig_Star4_3mm.uasset" 381
"../../../Engine/Plugins/Animation/ControlRig/Content/Controls/ControlRig_Star4_3mm.uexp" 382
"../../../Engine/Plugins/Animation/ControlRig/Content/Controls/ControlRig_Star4_1mm.ubulk" 383
"../../../Engine/Plugins/Animation/ControlRig/Content/Controls/ControlRig_Star4_1mm.uasset" 384
"../../../Engine/Plugins/Animation/ControlRig/Content/Controls/ControlRig_Star4_1mm.uexp" 385
"../../../Engine/Plugins/Animation/ControlRig/Content/Controls/ControlRig_Square_solid.ubulk" 386
"../../../Engine/Plugins/Animation/ControlRig/Content/Controls/ControlRig_Square_solid.uasset" 387
"../../../Engine/Plugins/Animation/ControlRig/Content/Controls/ControlRig_Square_solid.uexp" 388
"../../../Engine/Plugins/Animation/ControlRig/Content/Controls/ControlRig_Square_3mm.ubulk" 389
"../../../Engine/Plugins/Animation/ControlRig/Content/Controls/ControlRig_Square_3mm.uasset" 390
"../../../Engine/Plugins/Animation/ControlRig/Content/Controls/ControlRig_Square_3mm.uexp" 391
"../../../Engine/Plugins/Animation/ControlRig/Content/Controls/ControlRig_Square_1mm.ubulk" 392
"../../../Engine/Plugins/Animation/ControlRig/Content/Controls/ControlRig_Square_1mm.uasset" 393
"../../../Engine/Plugins/Animation/ControlRig/Content/Controls/ControlRig_Square_1mm.uexp" 394
"../../../Engine/Plugins/Animation/ControlRig/Content/Controls/ControlRig_Sphere_solid.ubulk" 395
"../../../Engine/Plugins/Animation/ControlRig/Content/Controls/ControlRig_Sphere_solid.uasset" 396
"../../../Engine/Plugins/Animation/ControlRig/Content/Controls/ControlRig_Sphere_solid.uexp" 397
"../../../Engine/Plugins/Animation/ControlRig/Content/Controls/ControlRig_Sphere_3mm.ubulk" 398
"../../../Engine/Plugins/Animation/ControlRig/Content/Controls/ControlRig_Sphere_3mm.uasset" 399
"../../../Engine/Plugins/Animation/ControlRig/Content/Controls/ControlRig_Sphere_3mm.uexp" 400
"../../../Engine/Plugins/Animation/ControlRig/Content/Controls/ControlRig_Sphere_1mm.ubulk" 401
"../../../Engine/Plugins/Animation/ControlRig/Content/Controls/ControlRig_Sphere_1mm.uasset" 402
"../../../Engine/Plugins/Animation/ControlRig/Content/Controls/ControlRig_Sphere_1mm.uexp" 403
"../../../Engine/Plugins/Animation/ControlRig/Content/Controls/ControlRig_RoundedTriangle_solid.ubulk" 404
"../../../Engine/Plugins/Animation/ControlRig/Content/Controls/ControlRig_RoundedTriangle_solid.uasset" 405
"../../../Engine/Plugins/Animation/ControlRig/Content/Controls/ControlRig_RoundedTriangle_solid.uexp" 406
"../../../Engine/Plugins/Animation/ControlRig/Content/Controls/ControlRig_RoundedTriangle_3mm.ubulk" 407
"../../../Engine/Plugins/Animation/ControlRig/Content/Controls/ControlRig_RoundedTriangle_3mm.uasset" 408
"../../../Engine/Plugins/Animation/ControlRig/Content/Controls/ControlRig_RoundedTriangle_3mm.uexp" 409
"../../../Engine/Plugins/Animation/ControlRig/Content/Controls/ControlRig_RoundedTriangle_1mm.ubulk" 410
"../../../Engine/Plugins/Animation/ControlRig/Content/Controls/ControlRig_RoundedTriangle_1mm.uasset" 411
"../../../Engine/Plugins/Animation/ControlRig/Content/Controls/ControlRig_RoundedTriangle_1mm.uexp" 412
"../../../Engine/Plugins/Animation/ControlRig/Content/Controls/ControlRig_RoundedSquare_solid.ubulk" 413
"../../../Engine/Plugins/Animation/ControlRig/Content/Controls/ControlRig_RoundedSquare_solid.uasset" 414
"../../../Engine/Plugins/Animation/ControlRig/Content/Controls/ControlRig_RoundedSquare_solid.uexp" 415
"../../../Engine/Plugins/Animation/ControlRig/Content/Controls/ControlRig_RoundedSquare_3mm.ubulk" 416
"../../../Engine/Plugins/Animation/ControlRig/Content/Controls/ControlRig_RoundedSquare_3mm.uasset" 417
"../../../Engine/Plugins/Animation/ControlRig/Content/Controls/ControlRig_RoundedSquare_3mm.uexp" 418
"../../../Engine/Plugins/Animation/ControlRig/Content/Controls/ControlRig_RoundedSquare_1mm.ubulk" 419
"../../../Engine/Plugins/Animation/ControlRig/Content/Controls/ControlRig_RoundedSquare_1mm.uasset" 420
"../../../Engine/Plugins/Animation/ControlRig/Content/Controls/ControlRig_RoundedSquare_1mm.uexp" 421
"../../../Engine/Plugins/Animation/ControlRig/Content/Controls/ControlRig_QuarterCircle_solid.ubulk" 422
"../../../Engine/Plugins/Animation/ControlRig/Content/Controls/ControlRig_QuarterCircle_solid.uasset" 423
"../../../Engine/Plugins/Animation/ControlRig/Content/Controls/ControlRig_QuarterCircle_solid.uexp" 424
"../../../Engine/Plugins/Animation/ControlRig/Content/Controls/ControlRig_QuarterCircle_3mm.ubulk" 425
"../../../Engine/Plugins/Animation/ControlRig/Content/Controls/ControlRig_QuarterCircle_3mm.uasset" 426
"../../../Engine/Plugins/Animation/ControlRig/Content/Controls/ControlRig_QuarterCircle_3mm.uexp" 427
"../../../Engine/Plugins/Animation/ControlRig/Content/Controls/ControlRig_QuarterCircle_1mm.ubulk" 428
"../../../Engine/Plugins/Animation/ControlRig/Content/Controls/ControlRig_QuarterCircle_1mm.uasset" 429
"../../../Engine/Plugins/Animation/ControlRig/Content/Controls/ControlRig_QuarterCircle_1mm.uexp" 430
"../../../Engine/Plugins/Animation/ControlRig/Content/Controls/ControlRig_Pyramid_solid.ubulk" 431
"../../../Engine/Plugins/Animation/ControlRig/Content/Controls/ControlRig_Pyramid_solid.uasset" 432
"../../../Engine/Plugins/Animation/ControlRig/Content/Controls/ControlRig_Pyramid_solid.uexp" 433
"../../../Engine/Plugins/Animation/ControlRig/Content/Controls/ControlRig_Pyramid_3mm.ubulk" 434
"../../../Engine/Plugins/Animation/ControlRig/Content/Controls/ControlRig_Pyramid_3mm.uasset" 435
"../../../Engine/Plugins/Animation/ControlRig/Content/Controls/ControlRig_Pyramid_3mm.uexp" 436
"../../../Engine/Plugins/Animation/ControlRig/Content/Controls/ControlRig_Pyramid_1mm.ubulk" 437
"../../../Engine/Plugins/Animation/ControlRig/Content/Controls/ControlRig_Pyramid_1mm.uasset" 438
"../../../Engine/Plugins/Animation/ControlRig/Content/Controls/ControlRig_Pyramid_1mm.uexp" 439
"../../../Engine/Plugins/Animation/ControlRig/Content/Controls/ControlRig_Octagon_solid.ubulk" 440
"../../../Engine/Plugins/Animation/ControlRig/Content/Controls/ControlRig_Octagon_solid.uasset" 441
"../../../Engine/Plugins/Animation/ControlRig/Content/Controls/ControlRig_Octagon_solid.uexp" 442
"../../../Engine/Plugins/Animation/ControlRig/Content/Controls/ControlRig_Octagon_3mm.ubulk" 443
"../../../Engine/Plugins/Animation/ControlRig/Content/Controls/ControlRig_Octagon_3mm.uasset" 444
"../../../Engine/Plugins/Animation/ControlRig/Content/Controls/ControlRig_Octagon_3mm.uexp" 445
"../../../Engine/Plugins/Animation/ControlRig/Content/Controls/ControlRig_Octagon_1mm.ubulk" 446
"../../../Engine/Plugins/Animation/ControlRig/Content/Controls/ControlRig_Octagon_1mm.uasset" 447
"../../../Engine/Plugins/Animation/ControlRig/Content/Controls/ControlRig_Octagon_1mm.uexp" 448
"../../../Engine/Plugins/Animation/ControlRig/Content/Controls/ControlRig_Hexagon_solid.ubulk" 449
"../../../Engine/Plugins/Animation/ControlRig/Content/Controls/ControlRig_Hexagon_solid.uasset" 450
"../../../Engine/Plugins/Animation/ControlRig/Content/Controls/ControlRig_Hexagon_solid.uexp" 451
"../../../Engine/Plugins/Animation/ControlRig/Content/Controls/ControlRig_Hexagon_3mm.ubulk" 452
"../../../Engine/Plugins/Animation/ControlRig/Content/Controls/ControlRig_Hexagon_3mm.uasset" 453
"../../../Engine/Plugins/Animation/ControlRig/Content/Controls/ControlRig_Hexagon_3mm.uexp" 454
"../../../Engine/Plugins/Animation/ControlRig/Content/Controls/ControlRig_Hexagon_1mm.ubulk" 455
"../../../Engine/Plugins/Animation/ControlRig/Content/Controls/ControlRig_Hexagon_1mm.uasset" 456
"../../../Engine/Plugins/Animation/ControlRig/Content/Controls/ControlRig_Hexagon_1mm.uexp" 457
"../../../Engine/Plugins/Animation/ControlRig/Content/Controls/ControlRig_HalfCircle_solid.ubulk" 458
"../../../Engine/Plugins/Animation/ControlRig/Content/Controls/ControlRig_HalfCircle_solid.uasset" 459
"../../../Engine/Plugins/Animation/ControlRig/Content/Controls/ControlRig_HalfCircle_solid.uexp" 460
"../../../Engine/Plugins/Animation/ControlRig/Content/Controls/ControlRig_HalfCircle_3mm.ubulk" 461
"../../../Engine/Plugins/Animation/ControlRig/Content/Controls/ControlRig_HalfCircle_3mm.uasset" 462
"../../../Engine/Plugins/Animation/ControlRig/Content/Controls/ControlRig_HalfCircle_3mm.uexp" 463
"../../../Engine/Plugins/Animation/ControlRig/Content/Controls/ControlRig_HalfCircle_1mm.ubulk" 464
"../../../Engine/Plugins/Animation/ControlRig/Content/Controls/ControlRig_HalfCircle_1mm.uasset" 465
"../../../Engine/Plugins/Animation/ControlRig/Content/Controls/ControlRig_HalfCircle_1mm.uexp" 466
"../../../Engine/Plugins/Animation/ControlRig/Content/Controls/ControlRig_Diamond_solid.ubulk" 467
"../../../Engine/Plugins/Animation/ControlRig/Content/Controls/ControlRig_Diamond_solid.uasset" 468
"../../../Engine/Plugins/Animation/ControlRig/Content/Controls/ControlRig_Diamond_solid.uexp" 469
"../../../Engine/Plugins/Animation/ControlRig/Content/Controls/ControlRig_Diamond_3mm.ubulk" 470
"../../../Engine/Plugins/Animation/ControlRig/Content/Controls/ControlRig_Diamond_3mm.uasset" 471
"../../../Engine/Plugins/Animation/ControlRig/Content/Controls/ControlRig_Diamond_3mm.uexp" 472
"../../../Engine/Plugins/Animation/ControlRig/Content/Controls/ControlRig_Diamond_1mm.ubulk" 473
"../../../Engine/Plugins/Animation/ControlRig/Content/Controls/ControlRig_Diamond_1mm.uasset" 474
"../../../Engine/Plugins/Animation/ControlRig/Content/Controls/ControlRig_Diamond_1mm.uexp" 475
"../../../Engine/Plugins/Animation/ControlRig/Content/Controls/ControlRig_Circle_solid.ubulk" 476
"../../../Engine/Plugins/Animation/ControlRig/Content/Controls/ControlRig_Circle_solid.uasset" 477
"../../../Engine/Plugins/Animation/ControlRig/Content/Controls/ControlRig_Circle_solid.uexp" 478
"../../../Engine/Plugins/Animation/ControlRig/Content/Controls/ControlRig_Circle_3mm.ubulk" 479
"../../../Engine/Plugins/Animation/ControlRig/Content/Controls/ControlRig_Circle_3mm.uasset" 480
"../../../Engine/Plugins/Animation/ControlRig/Content/Controls/ControlRig_Circle_3mm.uexp" 481
"../../../Engine/Plugins/Animation/ControlRig/Content/Controls/ControlRig_Circle_1mm.ubulk" 482
"../../../Engine/Plugins/Animation/ControlRig/Content/Controls/ControlRig_Circle_1mm.uasset" 483
"../../../Engine/Plugins/Animation/ControlRig/Content/Controls/ControlRig_Circle_1mm.uexp" 484
"../../../Engine/Plugins/Animation/ControlRig/Content/Controls/ControlRig_Box_solid.ubulk" 485
"../../../Engine/Plugins/Animation/ControlRig/Content/Controls/ControlRig_Box_solid.uasset" 486
"../../../Engine/Plugins/Animation/ControlRig/Content/Controls/ControlRig_Box_solid.uexp" 487
"../../../Engine/Plugins/Animation/ControlRig/Content/Controls/ControlRig_Box_3mm.ubulk" 488
"../../../Engine/Plugins/Animation/ControlRig/Content/Controls/ControlRig_Box_3mm.uasset" 489
"../../../Engine/Plugins/Animation/ControlRig/Content/Controls/ControlRig_Box_3mm.uexp" 490
"../../../Engine/Plugins/Animation/ControlRig/Content/Controls/ControlRig_Box_1mm.ubulk" 491
"../../../Engine/Plugins/Animation/ControlRig/Content/Controls/ControlRig_Box_1mm.uasset" 492
"../../../Engine/Plugins/Animation/ControlRig/Content/Controls/ControlRig_Box_1mm.uexp" 493
"../../../Engine/Plugins/Animation/ControlRig/Content/Controls/ControlRig_Arrow_solid.ubulk" 494
"../../../Engine/Plugins/Animation/ControlRig/Content/Controls/ControlRig_Arrow_solid.uasset" 495
"../../../Engine/Plugins/Animation/ControlRig/Content/Controls/ControlRig_Arrow_solid.uexp" 496
"../../../Engine/Plugins/Animation/ControlRig/Content/Controls/ControlRig_Arrow_3mm.ubulk" 497
"../../../Engine/Plugins/Animation/ControlRig/Content/Controls/ControlRig_Arrow_3mm.uasset" 498
"../../../Engine/Plugins/Animation/ControlRig/Content/Controls/ControlRig_Arrow_3mm.uexp" 499
"../../../Engine/Plugins/Animation/ControlRig/Content/Controls/ControlRig_Arrow_1mm.ubulk" 500
"../../../Engine/Plugins/Animation/ControlRig/Content/Controls/ControlRig_Arrow_1mm.uasset" 501
"../../../Engine/Plugins/Animation/ControlRig/Content/Controls/ControlRig_Arrow_1mm.uexp" 502
"../../../Engine/Plugins/Animation/ControlRig/Content/Controls/ControlRig_Arrow4_solid.ubulk" 503
"../../../Engine/Plugins/Animation/ControlRig/Content/Controls/ControlRig_Arrow4_solid.uasset" 504
"../../../Engine/Plugins/Animation/ControlRig/Content/Controls/ControlRig_Arrow4_solid.uexp" 505
"../../../Engine/Plugins/Animation/ControlRig/Content/Controls/ControlRig_Arrow4_3mm.ubulk" 506
"../../../Engine/Plugins/Animation/ControlRig/Content/Controls/ControlRig_Arrow4_3mm.uasset" 507
"../../../Engine/Plugins/Animation/ControlRig/Content/Controls/ControlRig_Arrow4_3mm.uexp" 508
"../../../Engine/Plugins/Animation/ControlRig/Content/Controls/ControlRig_Arrow4_1mm.ubulk" 509
"../../../Engine/Plugins/Animation/ControlRig/Content/Controls/ControlRig_Arrow4_1mm.uasset" 510
"../../../Engine/Plugins/Animation/ControlRig/Content/Controls/ControlRig_Arrow4_1mm.uexp" 511
"../../../Engine/Plugins/Animation/ControlRig/Content/Controls/ControlRig_Arrow2_solid.ubulk" 512
"../../../Engine/Plugins/Animation/ControlRig/Content/Controls/ControlRig_Arrow2_solid.uasset" 513
"../../../Engine/Plugins/Animation/ControlRig/Content/Controls/ControlRig_Arrow2_solid.uexp" 514
"../../../Engine/Plugins/Animation/ControlRig/Content/Controls/ControlRig_Arrow2_3mm.ubulk" 515
"../../../Engine/Plugins/Animation/ControlRig/Content/Controls/ControlRig_Arrow2_3mm.uasset" 516
"../../../Engine/Plugins/Animation/ControlRig/Content/Controls/ControlRig_Arrow2_3mm.uexp" 517
"../../../Engine/Plugins/Animation/ControlRig/Content/Controls/ControlRig_Arrow2_1mm.ubulk" 518
"../../../Engine/Plugins/Animation/ControlRig/Content/Controls/ControlRig_Arrow2_1mm.uasset" 519
"../../../Engine/Plugins/Animation/ControlRig/Content/Controls/ControlRig_Arrow2_1mm.uexp" 520
"../../../Engine/Plugins/Animation/ControlRig/Content/Controls/ControlRigGizmoMaterial.uasset" 521
"../../../Engine/Plugins/Animation/ControlRig/Content/Controls/ControlRigGizmoMaterial.uexp" 522
"../../../Engine/Plugins/Editor/SpeedTreeImporter/Content/SpeedTree9/game_wind_noise.ubulk" 523
"../../../Engine/Plugins/Editor/SpeedTreeImporter/Content/SpeedTree9/game_wind_noise.uasset" 524
"../../../Engine/Plugins/Editor/SpeedTreeImporter/Content/SpeedTree9/game_wind_noise.uexp" 525
"../../../Engine/Plugins/Editor/SpeedTreeImporter/Content/SpeedTree9/UnpackDirection.uasset" 526
"../../../Engine/Plugins/Editor/SpeedTreeImporter/Content/SpeedTree9/UnpackDirection.uexp" 527
"../../../Engine/Content/Functions/Engine_MaterialFunctions02/ObjectLocalBounds.uasset" 528
"../../../Engine/Content/Functions/Engine_MaterialFunctions02/ObjectLocalBounds.uexp" 529
"../../../Engine/Content/Functions/Engine_MaterialFunctions02/UVs/BoundingBoxBased_0-1_UVW.uasset" 530
"../../../Engine/Content/Functions/Engine_MaterialFunctions02/UVs/BoundingBoxBased_0-1_UVW.uexp" 531
"../../../Engine/Content/Functions/Engine_MaterialFunctions02/Utility/VectorLength.uasset" 532
"../../../Engine/Content/Functions/Engine_MaterialFunctions02/Utility/VectorLength.uexp" 533
"../../../Engine/Plugins/Editor/SpeedTreeImporter/Content/SpeedTree9/UnpackInteger3.uasset" 534
"../../../Engine/Plugins/Editor/SpeedTreeImporter/Content/SpeedTree9/UnpackInteger3.uexp" 535
"../../../Engine/Plugins/Editor/SpeedTreeImporter/Content/SpeedTree9/SpeedTreeCameraFacing.uasset" 536
"../../../Engine/Plugins/Editor/SpeedTreeImporter/Content/SpeedTree9/SpeedTreeCameraFacing.uexp" 537
"../../../Engine/Content/Functions/Engine_MaterialFunctions02/WorldPositionOffset/ObjectScale.uasset" 538
"../../../Engine/Content/Functions/Engine_MaterialFunctions02/WorldPositionOffset/ObjectScale.uexp" 539
"../../../Engine/Content/Functions/Engine_MaterialFunctions02/SafeNormalize.uasset" 540
"../../../Engine/Content/Functions/Engine_MaterialFunctions02/SafeNormalize.uexp" 541
"../../../Engine/Plugins/Editor/SpeedTreeImporter/Content/SpeedTree9/SpeedTreeWindMotion.uasset" 542
"../../../Engine/Plugins/Editor/SpeedTreeImporter/Content/SpeedTree9/SpeedTreeWindMotion.uexp" 543
"../../../Engine/Plugins/Editor/SpeedTreeImporter/Content/SpeedTree9/SpeedTreeBranchMotion.uasset" 544
"../../../Engine/Plugins/Editor/SpeedTreeImporter/Content/SpeedTree9/SpeedTreeBranchMotion.uexp" 545
"../../../Engine/Plugins/Editor/SpeedTreeImporter/Content/SpeedTree9/SpeedTreeWind.uasset" 546
"../../../Engine/Plugins/Editor/SpeedTreeImporter/Content/SpeedTree9/SpeedTreeWind.uexp" 547
"../../../Engine/Plugins/Editor/SpeedTreeImporter/Content/SpeedTree9/EmptyNormal.uasset" 548
"../../../Engine/Plugins/Editor/SpeedTreeImporter/Content/SpeedTree9/EmptyNormal.uexp" 549
"../../../Engine/Plugins/Editor/SpeedTreeImporter/Content/SpeedTree9/Empty.uasset" 550
"../../../Engine/Plugins/Editor/SpeedTreeImporter/Content/SpeedTree9/Empty.uexp" 551
"../../../Engine/Plugins/Editor/SpeedTreeImporter/Content/SpeedTree9/SpeedTreeMaster.uasset" 552
"../../../Engine/Plugins/Editor/SpeedTreeImporter/Content/SpeedTree9/SpeedTreeMaster.uexp" 553
"../../../Engine/Plugins/Editor/SpeedTreeImporter/Content/SpeedTree9/SpeedTreeBillboard.uasset" 554
"../../../Engine/Plugins/Editor/SpeedTreeImporter/Content/SpeedTree9/SpeedTreeBillboard.uexp" 555
"../../../Engine/Plugins/Editor/SpeedTreeImporter/Content/SpeedTree9/SpeedTreeBillboardMaster.uasset" 556
"../../../Engine/Plugins/Editor/SpeedTreeImporter/Content/SpeedTree9/SpeedTreeBillboardMaster.uexp" 557
"../../../Engine/Plugins/Runtime/HairStrands/Content/Materials/HairMeshesDefaultMaterial.uasset" 558
"../../../Engine/Plugins/Runtime/HairStrands/Content/Materials/HairMeshesDefaultMaterial.uexp" 559
"../../../Engine/Plugins/Runtime/HairStrands/Content/Materials/HairDefaultMaterial.uasset" 560
"../../../Engine/Plugins/Runtime/HairStrands/Content/Materials/HairDefaultMaterial.uexp" 561
"../../../Engine/Plugins/Runtime/HairStrands/Content/Materials/HairGroupColors.uasset" 562
"../../../Engine/Plugins/Runtime/HairStrands/Content/Materials/HairGroupColors.uexp" 563
"../../../Engine/Content/EngineMaterials/HairColorMap.uasset" 564
"../../../Engine/Content/EngineMaterials/HairColorMap.uexp" 565
"../../../Engine/Content/EngineMaterials/HairDebugColor.uasset" 566
"../../../Engine/Content/EngineMaterials/HairDebugColor.uexp" 567
"../../../Engine/Plugins/Runtime/HairStrands/Content/Materials/HairDebugMaterial.uasset" 568
"../../../Engine/Plugins/Runtime/HairStrands/Content/Materials/HairDebugMaterial.uexp" 569
"../../../Engine/Plugins/Runtime/HairStrands/Content/Materials/HairCardsDefaultMaterial.uasset" 570
"../../../Engine/Plugins/Runtime/HairStrands/Content/Materials/HairCardsDefaultMaterial.uexp" 571
"../../../Engine/Content/Functions/Engine_MaterialFunctions02/Utility/BlendAngleCorrectedNormals.uasset" 572
"../../../Engine/Content/Functions/Engine_MaterialFunctions02/Utility/BlendAngleCorrectedNormals.uexp" 573
"../../../Engine/Content/Functions/MaterialLayerFunctions/MatLayerBlend_NormalBlend.uasset" 574
"../../../Engine/Content/Functions/MaterialLayerFunctions/MatLayerBlend_NormalBlend.uexp" 575
"D:/Work/CocoProjects/TestFPS/Content/FirstPersonArms/Character/Materials/MaterialLayers/T_ML_Rubber_Blue_01_N.ubulk" 576
"D:/Work/CocoProjects/TestFPS/Content/FirstPersonArms/Character/Materials/MaterialLayers/T_ML_Rubber_Blue_01_N.uasset" 577
"D:/Work/CocoProjects/TestFPS/Content/FirstPersonArms/Character/Materials/MaterialLayers/T_ML_Rubber_Blue_01_N.uexp" 578
"D:/Work/CocoProjects/TestFPS/Content/FirstPersonArms/Character/Materials/MaterialLayers/T_ML_Rubber_Blue_01_D.ubulk" 579
"D:/Work/CocoProjects/TestFPS/Content/FirstPersonArms/Character/Materials/MaterialLayers/T_ML_Rubber_Blue_01_D.uasset" 580
"D:/Work/CocoProjects/TestFPS/Content/FirstPersonArms/Character/Materials/MaterialLayers/T_ML_Rubber_Blue_01_D.uexp" 581
"D:/Work/CocoProjects/TestFPS/Content/FirstPersonArms/Character/Materials/MaterialLayers/ML_GlossyBlack_Latex_UE4.uasset" 582
"D:/Work/CocoProjects/TestFPS/Content/FirstPersonArms/Character/Materials/MaterialLayers/ML_GlossyBlack_Latex_UE4.uexp" 583
"D:/Work/CocoProjects/TestFPS/Content/FirstPersonArms/Character/Textures/UE4_Mannequin_MAT_MASKA.ubulk" 584
"D:/Work/CocoProjects/TestFPS/Content/FirstPersonArms/Character/Textures/UE4_Mannequin_MAT_MASKA.uasset" 585
"D:/Work/CocoProjects/TestFPS/Content/FirstPersonArms/Character/Textures/UE4_Mannequin_MAT_MASKA.uexp" 586
"D:/Work/CocoProjects/TestFPS/Content/FirstPersonArms/Character/Textures/UE4_LOGO_CARD.ubulk" 587
"D:/Work/CocoProjects/TestFPS/Content/FirstPersonArms/Character/Textures/UE4_LOGO_CARD.uasset" 588
"D:/Work/CocoProjects/TestFPS/Content/FirstPersonArms/Character/Textures/UE4_LOGO_CARD.uexp" 589
"D:/Work/CocoProjects/TestFPS/Content/FirstPersonArms/Character/Materials/MaterialLayers/ML_Plastic_Shiny_Beige_LOGO.uasset" 590
"D:/Work/CocoProjects/TestFPS/Content/FirstPersonArms/Character/Materials/MaterialLayers/ML_Plastic_Shiny_Beige_LOGO.uexp" 591
"../../../Engine/Content/Functions/MaterialLayerFunctions/MatLayerBlend_Simple.uasset" 592
"../../../Engine/Content/Functions/MaterialLayerFunctions/MatLayerBlend_Simple.uexp" 593
"D:/Work/CocoProjects/TestFPS/Content/FirstPersonArms/Character/Materials/MaterialLayers/T_ML_Aluminum01.ubulk" 594
"D:/Work/CocoProjects/TestFPS/Content/FirstPersonArms/Character/Materials/MaterialLayers/T_ML_Aluminum01.uasset" 595
"D:/Work/CocoProjects/TestFPS/Content/FirstPersonArms/Character/Materials/MaterialLayers/T_ML_Aluminum01.uexp" 596
"D:/Work/CocoProjects/TestFPS/Content/FirstPersonArms/Character/Materials/MaterialLayers/T_ML_Aluminum01_N.ubulk" 597
"D:/Work/CocoProjects/TestFPS/Content/FirstPersonArms/Character/Materials/MaterialLayers/T_ML_Aluminum01_N.uasset" 598
"D:/Work/CocoProjects/TestFPS/Content/FirstPersonArms/Character/Materials/MaterialLayers/T_ML_Aluminum01_N.uexp" 599
"D:/Work/CocoProjects/TestFPS/Content/FirstPersonArms/Character/Materials/MaterialLayers/ML_SoftMetal_UE4.uasset" 600
"D:/Work/CocoProjects/TestFPS/Content/FirstPersonArms/Character/Materials/MaterialLayers/ML_SoftMetal_UE4.uexp" 601
"D:/Work/CocoProjects/TestFPS/Content/FirstPersonArms/Character/Materials/MaterialLayers/ML_Plastic_Shiny_Beige.uasset" 602
"D:/Work/CocoProjects/TestFPS/Content/FirstPersonArms/Character/Materials/MaterialLayers/ML_Plastic_Shiny_Beige.uexp" 603
"D:/Work/CocoProjects/TestFPS/Content/FirstPersonArms/Character/Textures/UE4_Mannequin__normals.ubulk" 604
"D:/Work/CocoProjects/TestFPS/Content/FirstPersonArms/Character/Textures/UE4_Mannequin__normals.uasset" 605
"D:/Work/CocoProjects/TestFPS/Content/FirstPersonArms/Character/Textures/UE4_Mannequin__normals.uexp" 606
"D:/Work/CocoProjects/TestFPS/Content/FirstPersonArms/Character/Materials/M_UE4Man_Body.uasset" 607
"D:/Work/CocoProjects/TestFPS/Content/FirstPersonArms/Character/Materials/M_UE4Man_Body.uexp" 608
"D:/Work/CocoProjects/TestFPS/Content/FirstPersonArms/Character/Mesh/SK_Mannequin_Arms_PhysicsAsset.uasset" 609
"D:/Work/CocoProjects/TestFPS/Content/FirstPersonArms/Character/Mesh/SK_Mannequin_Arms_PhysicsAsset.uexp" 610
"D:/Work/CocoProjects/TestFPS/Content/FirstPersonArms/Character/Mesh/SK_Mannequin_Arms_Skeleton.uasset" 611
"D:/Work/CocoProjects/TestFPS/Content/FirstPersonArms/Character/Mesh/SK_Mannequin_Arms_Skeleton.uexp" 612
"D:/Work/CocoProjects/TestFPS/Content/FirstPersonArms/Character/Mesh/SK_Mannequin_Arms.uasset" 613
"D:/Work/CocoProjects/TestFPS/Content/FirstPersonArms/Character/Mesh/SK_Mannequin_Arms.uexp" 614
"../../../Engine/Content/Animation/DefaultAnimCurveCompressionSettings.uasset" 615
"../../../Engine/Content/Animation/DefaultAnimCurveCompressionSettings.uexp" 616
"../../../Engine/Content/Animation/DefaultAnimBoneCompressionSettings.uasset" 617
"../../../Engine/Content/Animation/DefaultAnimBoneCompressionSettings.uexp" 618
"D:/Work/CocoProjects/TestFPS/Content/FirstPersonArms/Animations/FirstPerson_JumpLoop.uasset" 619
"D:/Work/CocoProjects/TestFPS/Content/FirstPersonArms/Animations/FirstPerson_JumpLoop.uexp" 620
"D:/Work/CocoProjects/TestFPS/Content/FirstPersonArms/Animations/FirstPerson_Run.uasset" 621
"D:/Work/CocoProjects/TestFPS/Content/FirstPersonArms/Animations/FirstPerson_Run.uexp" 622
"D:/Work/CocoProjects/TestFPS/Content/FirstPersonArms/Animations/FirstPerson_JumpEnd.uasset" 623
"D:/Work/CocoProjects/TestFPS/Content/FirstPersonArms/Animations/FirstPerson_JumpEnd.uexp" 624
"D:/Work/CocoProjects/TestFPS/Content/FirstPersonArms/Animations/FirstPerson_Idle.uasset" 625
"D:/Work/CocoProjects/TestFPS/Content/FirstPersonArms/Animations/FirstPerson_Idle.uexp" 626
"D:/Work/CocoProjects/TestFPS/Content/FirstPersonArms/Animations/FirstPerson_JumpStart.uasset" 627
"D:/Work/CocoProjects/TestFPS/Content/FirstPersonArms/Animations/FirstPerson_JumpStart.uexp" 628
"../../../Engine/Content/EditorBlueprintResources/StandardMacros.uasset" 629
"../../../Engine/Content/EditorBlueprintResources/StandardMacros.uexp" 630
"D:/Work/CocoProjects/TestFPS/Content/FirstPersonArms/Animations/FirstPerson_AnimBP.uasset" 631
"D:/Work/CocoProjects/TestFPS/Content/FirstPersonArms/Animations/FirstPerson_AnimBP.uexp" 632
"D:/Work/CocoProjects/TestFPS/Content/FirstPerson/Blueprints/BP_FirstPersonCharacter.uasset" 633
"D:/Work/CocoProjects/TestFPS/Content/FirstPerson/Blueprints/BP_FirstPersonCharacter.uexp" 634
"D:/Work/CocoProjects/TestFPS/Content/FirstPerson/Blueprints/BP_FirstPersonGameMode.uasset" 635
"D:/Work/CocoProjects/TestFPS/Content/FirstPerson/Blueprints/BP_FirstPersonGameMode.uexp" 636
"../../../Engine/Content/Maps/Entry_BuiltData.uasset" 637
"../../../Engine/Content/Maps/Entry_BuiltData.uexp" 638
"../../../Engine/Content/Maps/Entry.uexp" 639
"../../../Engine/Content/Maps/Entry.umap" 640
"D:/Work/CocoProjects/TestFPS/Content/FirstPersonArms/Animations/FirstPerson_Fire.uasset" 641
"D:/Work/CocoProjects/TestFPS/Content/FirstPersonArms/Animations/FirstPerson_Fire.uexp" 642
"D:/Work/CocoProjects/TestFPS/Content/FirstPersonArms/Animations/FirstPersonFire_Montage.uasset" 643
"D:/Work/CocoProjects/TestFPS/Content/FirstPersonArms/Animations/FirstPersonFire_Montage.uexp" 644
"D:/Work/CocoProjects/TestFPS/Content/FPWeapon/Mesh/SK_FPGun_Skeleton.uasset" 645
"D:/Work/CocoProjects/TestFPS/Content/FPWeapon/Mesh/SK_FPGun_Skeleton.uexp" 646
"D:/Work/CocoProjects/TestFPS/Content/FPWeapon/Materials/MaterialLayers/T_ML_Rubber_Blue_01_D.ubulk" 647
"D:/Work/CocoProjects/TestFPS/Content/FPWeapon/Materials/MaterialLayers/T_ML_Rubber_Blue_01_D.uasset" 648
"D:/Work/CocoProjects/TestFPS/Content/FPWeapon/Materials/MaterialLayers/T_ML_Rubber_Blue_01_D.uexp" 649
"D:/Work/CocoProjects/TestFPS/Content/FPWeapon/Textures/T_FPGun_N.ubulk" 650
"D:/Work/CocoProjects/TestFPS/Content/FPWeapon/Textures/T_FPGun_N.uasset" 651
"D:/Work/CocoProjects/TestFPS/Content/FPWeapon/Textures/T_FPGun_N.uexp" 652
"D:/Work/CocoProjects/TestFPS/Content/FPWeapon/Materials/MaterialLayers/T_ML_Rubber_Blue_01_N.ubulk" 653
"D:/Work/CocoProjects/TestFPS/Content/FPWeapon/Materials/MaterialLayers/T_ML_Rubber_Blue_01_N.uasset" 654
"D:/Work/CocoProjects/TestFPS/Content/FPWeapon/Materials/MaterialLayers/T_ML_Rubber_Blue_01_N.uexp" 655
"D:/Work/CocoProjects/TestFPS/Content/FPWeapon/Materials/MaterialLayers/ML_Screen.uasset" 656
"D:/Work/CocoProjects/TestFPS/Content/FPWeapon/Materials/MaterialLayers/ML_Screen.uexp" 657
"D:/Work/CocoProjects/TestFPS/Content/FPWeapon/Materials/MaterialLayers/T_ML_Aluminum01_N.ubulk" 658
"D:/Work/CocoProjects/TestFPS/Content/FPWeapon/Materials/MaterialLayers/T_ML_Aluminum01_N.uasset" 659
"D:/Work/CocoProjects/TestFPS/Content/FPWeapon/Materials/MaterialLayers/T_ML_Aluminum01_N.uexp" 660
"D:/Work/CocoProjects/TestFPS/Content/FPWeapon/Materials/MaterialLayers/T_ML_Aluminum01.ubulk" 661
"D:/Work/CocoProjects/TestFPS/Content/FPWeapon/Materials/MaterialLayers/T_ML_Aluminum01.uasset" 662
"D:/Work/CocoProjects/TestFPS/Content/FPWeapon/Materials/MaterialLayers/T_ML_Aluminum01.uexp" 663
"D:/Work/CocoProjects/TestFPS/Content/FPWeapon/Materials/MaterialLayers/ML_SoftMetal_UE4.uasset" 664
"D:/Work/CocoProjects/TestFPS/Content/FPWeapon/Materials/MaterialLayers/ML_SoftMetal_UE4.uexp" 665
"D:/Work/CocoProjects/TestFPS/Content/FPWeapon/Textures/T_FPGun_M.ubulk" 666
"D:/Work/CocoProjects/TestFPS/Content/FPWeapon/Textures/T_FPGun_M.uasset" 667
"D:/Work/CocoProjects/TestFPS/Content/FPWeapon/Textures/T_FPGun_M.uexp" 668
"D:/Work/CocoProjects/TestFPS/Content/FPWeapon/Materials/MaterialLayers/ML_Plastic_Shiny_Beige.uasset" 669
"D:/Work/CocoProjects/TestFPS/Content/FPWeapon/Materials/MaterialLayers/ML_Plastic_Shiny_Beige.uexp" 670
"D:/Work/CocoProjects/TestFPS/Content/FPWeapon/Materials/MaterialLayers/ML_GlossyBlack_Latex_UE4.uasset" 671
"D:/Work/CocoProjects/TestFPS/Content/FPWeapon/Materials/MaterialLayers/ML_GlossyBlack_Latex_UE4.uexp" 672
"D:/Work/CocoProjects/TestFPS/Content/FPWeapon/Materials/M_FPGun.uasset" 673
"D:/Work/CocoProjects/TestFPS/Content/FPWeapon/Materials/M_FPGun.uexp" 674
"D:/Work/CocoProjects/TestFPS/Content/FPWeapon/Mesh/SK_FPGun_Physics.uasset" 675
"D:/Work/CocoProjects/TestFPS/Content/FPWeapon/Mesh/SK_FPGun_Physics.uexp" 676
"D:/Work/CocoProjects/TestFPS/Content/FPWeapon/Mesh/SK_FPGun.uasset" 677
"D:/Work/CocoProjects/TestFPS/Content/FPWeapon/Mesh/SK_FPGun.uexp" 678
"D:/Work/CocoProjects/TestFPS/Content/FPWeapon/Audio/FirstPersonTemplateWeaponFire02.ubulk" 679
"D:/Work/CocoProjects/TestFPS/Content/FPWeapon/Audio/FirstPersonTemplateWeaponFire02.uasset" 680
"D:/Work/CocoProjects/TestFPS/Content/FPWeapon/Audio/FirstPersonTemplateWeaponFire02.uexp" 681
"D:/Work/CocoProjects/TestFPS/Content/FPWeapon/Materials/BaseMaterial.uasset" 682
"D:/Work/CocoProjects/TestFPS/Content/FPWeapon/Materials/BaseMaterial.uexp" 683
"D:/Work/CocoProjects/TestFPS/Content/FPWeapon/Materials/FirstPersonProjectileMaterial.uasset" 684
"D:/Work/CocoProjects/TestFPS/Content/FPWeapon/Materials/FirstPersonProjectileMaterial.uexp" 685
"D:/Work/CocoProjects/TestFPS/Content/FPWeapon/Mesh/FirstPersonProjectileMesh.ubulk" 686
"D:/Work/CocoProjects/TestFPS/Content/FPWeapon/Mesh/FirstPersonProjectileMesh.uasset" 687
"D:/Work/CocoProjects/TestFPS/Content/FPWeapon/Mesh/FirstPersonProjectileMesh.uexp" 688
"D:/Work/CocoProjects/TestFPS/Content/FirstPerson/Blueprints/BP_FirstPersonProjectile.uasset" 689
"D:/Work/CocoProjects/TestFPS/Content/FirstPerson/Blueprints/BP_FirstPersonProjectile.uexp" 690
"../../../Engine/Content/EditorBlueprintResources/ActorMacros.uasset" 691
"../../../Engine/Content/EditorBlueprintResources/ActorMacros.uexp" 692
"D:/Work/CocoProjects/TestFPS/Content/FirstPerson/Blueprints/BP_Rifle.uasset" 693
"D:/Work/CocoProjects/TestFPS/Content/FirstPerson/Blueprints/BP_Rifle.uexp" 694
"../../../Engine/Content/EngineMaterials/BlendFunc_DefBlend.uasset" 695
"../../../Engine/Content/EngineMaterials/BlendFunc_DefBlend.uexp" 696
"../../../Engine/Content/EngineMaterials/BlendFunc_DefBase.uasset" 697
"../../../Engine/Content/EngineMaterials/BlendFunc_DefBase.uexp" 698
"../../../Engine/Content/Functions/Engine_MaterialFunctions03/Blends/Blend_Overlay.uasset" 699
"../../../Engine/Content/Functions/Engine_MaterialFunctions03/Blends/Blend_Overlay.uexp" 700
"../../../Engine/Content/OpenWorldTemplate/LandscapeMaterial/T_GridChecker_A.ubulk" 701
"../../../Engine/Content/OpenWorldTemplate/LandscapeMaterial/T_GridChecker_A.uasset" 702
"../../../Engine/Content/OpenWorldTemplate/LandscapeMaterial/T_GridChecker_A.uexp" 703
"../../../Engine/Content/Functions/Engine_MaterialFunctions01/Gradient/LinearGradient.uasset" 704
"../../../Engine/Content/Functions/Engine_MaterialFunctions01/Gradient/LinearGradient.uexp" 705
"../../../Engine/Content/Functions/Engine_MaterialFunctions01/ImageAdjustment/CheapContrast.uasset" 706
"../../../Engine/Content/Functions/Engine_MaterialFunctions01/ImageAdjustment/CheapContrast.uexp" 707
"../../../Engine/Content/OpenWorldTemplate/LandscapeMaterial/MF_ProcGrid.uasset" 708
"../../../Engine/Content/OpenWorldTemplate/LandscapeMaterial/MF_ProcGrid.uexp" 709
"../../../Engine/Content/OpenWorldTemplate/LandscapeMaterial/M_ProcGrid.uasset" 710
"../../../Engine/Content/OpenWorldTemplate/LandscapeMaterial/M_ProcGrid.uexp" 711
"../../../Engine/Content/OpenWorldTemplate/LandscapeMaterial/MI_ProcGrid.uasset" 712
"../../../Engine/Content/OpenWorldTemplate/LandscapeMaterial/MI_ProcGrid.uexp" 713
"D:/Work/CocoProjects/TestFPS/Content/ProyectoFinalRedes/Materials/Material_Master_Color.uasset" 714
"D:/Work/CocoProjects/TestFPS/Content/ProyectoFinalRedes/Materials/Material_Master_Color.uexp" 715
"D:/Work/CocoProjects/TestFPS/Content/ProyectoFinalRedes/Materials/Material_ColorInstance_Blue.uasset" 716
"D:/Work/CocoProjects/TestFPS/Content/ProyectoFinalRedes/Materials/Material_ColorInstance_Blue.uexp" 717
"../../../Engine/Content/EngineSky/T_Sky_Stars.ubulk" 718
"../../../Engine/Content/EngineSky/T_Sky_Stars.uasset" 719
"../../../Engine/Content/EngineSky/T_Sky_Stars.uexp" 720
"../../../Engine/Content/EngineSky/T_Sky_Clouds_M.ubulk" 721
"../../../Engine/Content/EngineSky/T_Sky_Clouds_M.uasset" 722
"../../../Engine/Content/EngineSky/T_Sky_Clouds_M.uexp" 723
"../../../Engine/Content/EngineSky/T_Sky_Blue.ubulk" 724
"../../../Engine/Content/EngineSky/T_Sky_Blue.uasset" 725
"../../../Engine/Content/EngineSky/T_Sky_Blue.uexp" 726
"../../../Engine/Content/EngineSky/M_Sky_Panning_Clouds2.uasset" 727
"../../../Engine/Content/EngineSky/M_Sky_Panning_Clouds2.uexp" 728
"../../../Engine/Content/EngineSky/SM_SkySphere.ubulk" 729
"../../../Engine/Content/EngineSky/SM_SkySphere.uasset" 730
"../../../Engine/Content/EngineSky/SM_SkySphere.uexp" 731
"../../../Engine/Content/BasicShapes/Cube.ubulk" 732
"../../../Engine/Content/BasicShapes/Cube.uasset" 733
"../../../Engine/Content/BasicShapes/Cube.uexp" 734
"../../../Engine/Content/MapTemplates/SM_Template_Map_Floor.ubulk" 735
"../../../Engine/Content/MapTemplates/SM_Template_Map_Floor.uasset" 736
"../../../Engine/Content/MapTemplates/SM_Template_Map_Floor.uexp" 737
"D:/Work/CocoProjects/TestFPS/Content/LevelPrototyping/Materials/M_Solid.uasset" 738
"D:/Work/CocoProjects/TestFPS/Content/LevelPrototyping/Materials/M_Solid.uexp" 739
"D:/Work/CocoProjects/TestFPS/Content/LevelPrototyping/Materials/MI_Solid_Blue.uasset" 740
"D:/Work/CocoProjects/TestFPS/Content/LevelPrototyping/Materials/MI_Solid_Blue.uexp" 741
"D:/Work/CocoProjects/TestFPS/Content/LevelPrototyping/Meshes/SM_ChamferCube.ubulk" 742
"D:/Work/CocoProjects/TestFPS/Content/LevelPrototyping/Meshes/SM_ChamferCube.uasset" 743
"D:/Work/CocoProjects/TestFPS/Content/LevelPrototyping/Meshes/SM_ChamferCube.uexp" 744
"D:/Work/CocoProjects/TestFPS/Content/ProyectoFinalRedes/MultiplayerShooter_ConnectionTest_BuiltData.ubulk" 745
"D:/Work/CocoProjects/TestFPS/Content/ProyectoFinalRedes/MultiplayerShooter_ConnectionTest_BuiltData.uasset" 746
"D:/Work/CocoProjects/TestFPS/Content/ProyectoFinalRedes/MultiplayerShooter_ConnectionTest_BuiltData.uexp" 747
"../../../Engine/Content/EngineSky/M_SimpleSkyDome.uasset" 748
"../../../Engine/Content/EngineSky/M_SimpleSkyDome.uexp" 749
"D:/Work/CocoProjects/TestFPS/Content/ProyectoFinalRedes/MultiplayerShooter_ConnectionTest.uexp" 750
"D:/Work/CocoProjects/TestFPS/Content/ProyectoFinalRedes/MultiplayerShooter_ConnectionTest.umap" 751
"D:/Work/CocoProjects/TestFPS/Content/ProyectoFinalRedes/Blueprints/BP_PlayerController_Menu.uasset" 752
"D:/Work/CocoProjects/TestFPS/Content/ProyectoFinalRedes/Blueprints/BP_PlayerController_Menu.uexp" 753
"D:/Work/CocoProjects/TestFPS/Content/ProyectoFinalRedes/Blueprints/BP_Pawn_Menu.uasset" 754
"D:/Work/CocoProjects/TestFPS/Content/ProyectoFinalRedes/Blueprints/BP_Pawn_Menu.uexp" 755
"D:/Work/CocoProjects/TestFPS/Content/ProyectoFinalRedes/Blueprints/BP_GameMode_Menu.uasset" 756
"D:/Work/CocoProjects/TestFPS/Content/ProyectoFinalRedes/Blueprints/BP_GameMode_Menu.uexp" 757
"D:/Work/CocoProjects/TestFPS/Content/ProyectoFinalRedes/Blueprints/BP_Widget_Menu.uasset" 758
"D:/Work/CocoProjects/TestFPS/Content/ProyectoFinalRedes/Blueprints/BP_Widget_Menu.uexp" 759
"D:/Work/CocoProjects/TestFPS/Content/ProyectoFinalRedes/MainMenu.uexp" 760
"D:/Work/CocoProjects/TestFPS/Content/ProyectoFinalRedes/MainMenu.umap" 761
